<?xml version="1.0" encoding="UTF-8"?>
<testng-results ignored="0" total="2" passed="2" failed="0" skipped="0">
  <reporter-output>
  </reporter-output>
  <suite started-at="2022-07-12T21:14:05 IST" name="Default suite" finished-at="2022-07-12T21:14:26 IST" duration-ms="20552">
    <groups>
    </groups>
    <test started-at="2022-07-12T21:14:05 IST" name="Default test" finished-at="2022-07-12T21:14:26 IST" duration-ms="20552">
      <class name="TestCases.VerifyLoginPage">
        <test-method is-config="true" signature="browserLaunch()[pri:0, instance:TestCases.VerifyLoginPage@16ec5519]" started-at="2022-07-12T21:14:05 IST" name="browserLaunch" finished-at="2022-07-12T21:14:18 IST" duration-ms="12916" status="PASS">
          <reporter-output>
          </reporter-output>
        </test-method> <!-- browserLaunch -->
        <test-method signature="logInVerification(java.lang.String,java.lang.String)[pri:0, instance:TestCases.VerifyLoginPage@16ec5519]" started-at="2022-07-12T21:14:18 IST" name="logInVerification" data-provider="testData" finished-at="2022-07-12T21:14:19 IST" duration-ms="366" status="PASS">
          <params>
            <param index="0">
              <value>
                <![CDATA[test1]]>
              </value>
            </param>
            <param index="1">
              <value>
                <![CDATA[secure123]]>
              </value>
            </param>
          </params>
          <reporter-output>
          </reporter-output>
        </test-method> <!-- logInVerification -->
        <test-method is-config="true" signature="closeBrowser()[pri:0, instance:TestCases.VerifyLoginPage@16ec5519]" started-at="2022-07-12T21:14:19 IST" name="closeBrowser" finished-at="2022-07-12T21:14:19 IST" duration-ms="462" status="PASS">
          <reporter-output>
          </reporter-output>
        </test-method> <!-- closeBrowser -->
        <test-method is-config="true" signature="browserLaunch()[pri:0, instance:TestCases.VerifyLoginPage@16ec5519]" started-at="2022-07-12T21:14:19 IST" name="browserLaunch" finished-at="2022-07-12T21:14:25 IST" duration-ms="5543" status="PASS">
          <reporter-output>
          </reporter-output>
        </test-method> <!-- browserLaunch -->
        <test-method signature="logInVerification(java.lang.String,java.lang.String)[pri:0, instance:TestCases.VerifyLoginPage@16ec5519]" started-at="2022-07-12T21:14:25 IST" name="logInVerification" data-provider="testData" finished-at="2022-07-12T21:14:26 IST" duration-ms="815" status="PASS">
          <params>
            <param index="0">
              <value>
                <![CDATA[test2]]>
              </value>
            </param>
            <param index="1">
              <value>
                <![CDATA[secure456]]>
              </value>
            </param>
          </params>
          <reporter-output>
          </reporter-output>
        </test-method> <!-- logInVerification -->
        <test-method is-config="true" signature="closeBrowser()[pri:0, instance:TestCases.VerifyLoginPage@16ec5519]" started-at="2022-07-12T21:14:26 IST" name="closeBrowser" finished-at="2022-07-12T21:14:26 IST" duration-ms="344" status="PASS">
          <reporter-output>
          </reporter-output>
        </test-method> <!-- closeBrowser -->
      </class> <!-- TestCases.VerifyLoginPage -->
    </test> <!-- Default test -->
  </suite> <!-- Default suite -->
</testng-results>
